<?xml version="1.0" encoding="utf-8"?><testsuites name="pytest tests"><testsuite name="pytest" errors="0" failures="0" skipped="0" tests="26" time="106.384" timestamp="2026-01-03T11:30:04.954861+00:00" hostname="agent-env-260d2524-8e89-447c-9aba-6daf092db7a8"><testcase classname="tests.test_eric_search.TestAuthSetup" name="test_admin_login" time="0.306" /><testcase classname="tests.test_eric_search.TestAuthSetup" name="test_test_user_login" time="0.276" /><testcase classname="tests.test_eric_search.TestERICSearchAPI" name="test_search_all_with_russian_keyword" time="0.328" /><testcase classname="tests.test_eric_search.TestERICSearchAPI" name="test_search_all_with_english_keyword" time="3.544" /><testcase classname="tests.test_eric_search.TestERICSearchAPI" name="test_search_services_only" time="4.153" /><testcase classname="tests.test_eric_search.TestERICSearchAPI" name="test_search_products_only" time="0.056" /><testcase classname="tests.test_eric_search.TestERICSearchAPI" name="test_search_organizations_only" time="3.091" /><testcase classname="tests.test_eric_search.TestERICSearchAPI" name="test_search_people_only" time="3.411" /><testcase classname="tests.test_eric_search.TestERICSearchAPI" name="test_search_with_location_filter" time="3.306" /><testcase classname="tests.test_eric_search.TestERICSearchAPI" name="test_search_with_limit" time="3.551" /><testcase classname="tests.test_eric_search.TestERICSearchAPI" name="test_search_empty_query" time="3.137" /><testcase classname="tests.test_eric_search.TestERICSearchAPI" name="test_search_unauthorized" time="0.038" /><testcase classname="tests.test_eric_search.TestERICChatWithSearch" name="test_chat_with_search_keyword_naidi" time="24.810" /><testcase classname="tests.test_eric_search.TestERICChatWithSearch" name="test_chat_with_search_keyword_poisk" time="13.218" /><testcase classname="tests.test_eric_search.TestERICChatWithSearch" name="test_chat_with_search_keyword_ischu" time="12.410" /><testcase classname="tests.test_eric_search.TestERICChatWithSearch" name="test_chat_without_search_keyword" time="5.821" /><testcase classname="tests.test_eric_search.TestERICChatWithSearch" name="test_chat_with_conversation_id" time="23.486" /><testcase classname="tests.test_eric_search.TestERICChatWithSearch" name="test_chat_unauthorized" time="0.057" /><testcase classname="tests.test_eric_search.TestBusinessERICSettings" name="test_get_eric_settings_default" time="0.377" /><testcase classname="tests.test_eric_search.TestBusinessERICSettings" name="test_update_eric_settings" time="0.038" /><testcase classname="tests.test_eric_search.TestBusinessERICSettings" name="test_get_eric_settings_after_update" time="0.043" /><testcase classname="tests.test_eric_search.TestBusinessERICSettings" name="test_eric_settings_unauthorized" time="0.036" /><testcase classname="tests.test_eric_search.TestBusinessERICSettings" name="test_eric_settings_non_admin" time="0.314" /><testcase classname="tests.test_eric_search.TestSearchTermExpansion" name="test_krasota_maps_to_beauty" time="0.322" /><testcase classname="tests.test_eric_search.TestSearchTermExpansion" name="test_remont_maps_to_repair" time="0.080" /><testcase classname="tests.test_eric_search.TestSearchTermExpansion" name="test_mashina_maps_to_auto" time="0.080" /></testsuite></testsuites>